[2024-08-22T05:36:24.323Z] [31merror[39m: [31mE11000 duplicate key error collection: docscan.users index: email_1 dup key: { email: "sanjeev1.kumar@ditstek.com" }[39m :{"index":0,"code":11000,"keyPattern":{"email":1},"keyValue":{"email":"sanjeev1.kumar@ditstek.com"}}
[2024-08-22T05:37:08.180Z] [31merror[39m: [31mE11000 duplicate key error collection: docscan.users index: email_1 dup key: { email: "sanjeev1.kumar@ditstek.com" }[39m :{"index":0,"code":11000,"keyPattern":{"email":1},"keyValue":{"email":"sanjeev1.kumar@ditstek.com"}}
[2024-08-22T05:39:17.488Z] [31merror[39m: [31mE11000 duplicate key error collection: docscan.users index: email_1 dup key: { email: "sanjeev1.kumar@ditstek.com" }[39m :{"index":0,"code":11000,"keyPattern":{"email":1},"keyValue":{"email":"sanjeev1.kumar@ditstek.com"}}
[2024-08-22T06:15:55.048Z] [31merror[39m: [31musers validation failed: firstname: Path `firstname` is required., lastname: Path `lastname` is required.[39m :{"errors":{"firstname":{"name":"ValidatorError","message":"Path `firstname` is required.","properties":{"message":"Path `firstname` is required.","type":"required","path":"firstname","value":null},"kind":"required","path":"firstname","value":null},"lastname":{"name":"ValidatorError","message":"Path `lastname` is required.","properties":{"message":"Path `lastname` is required.","type":"required","path":"lastname","value":null},"kind":"required","path":"lastname","value":null}},"_message":"users validation failed"}
[2024-08-22T07:09:21.285Z] [31merror[39m: [31mArgument passed in must be a string of 12 bytes or a string of 24 hex characters or an integer[39m :{}
[2024-08-22T07:09:21.286Z] [31merror[39m: [31mAn error occurred in user Store while processing the request.[39m :{}
[2024-08-22T07:10:00.554Z] [31merror[39m: [31mArgument passed in must be a string of 12 bytes or a string of 24 hex characters or an integer[39m :{}
[2024-08-22T07:10:00.555Z] [31merror[39m: [31mAn error occurred in user Store while processing the request.[39m :{}
[2024-08-22T07:11:51.647Z] [31merror[39m: [31mArgument passed in must be a string of 12 bytes or a string of 24 hex characters or an integer[39m :{}
[2024-08-22T07:11:51.648Z] [31merror[39m: [31mAn error occurred in user Store while processing the request.[39m :{}
[2024-08-22T07:12:15.586Z] [31merror[39m: [31mArgument passed in must be a string of 12 bytes or a string of 24 hex characters or an integer[39m :{}
[2024-08-22T07:12:15.586Z] [31merror[39m: [31mAn error occurred in user Store while processing the request.[39m :{}
[2024-08-22T07:17:24.256Z] [31merror[39m: [31mArgument passed in must be a string of 12 bytes or a string of 24 hex characters or an integer[39m :{}
[2024-08-22T07:17:24.257Z] [31merror[39m: [31mAn error occurred in user Store while processing the request.[39m :{}
[2024-08-22T08:25:34.683Z] [31merror[39m: [31mCannot read properties of undefined (reading 'valid')[39m :{}
[2024-08-22T11:43:53.146Z] [31merror[39m: [31m"email" must be a valid email[39m :{"_original":{"email":"rajvsvgerregrerhahjj.com","password":"test@123","loginSource":"email"},"details":[{"message":"\"email\" must be a valid email","path":["email"],"type":"string.email","context":{"value":"rajvsvgerregrerhahjj.com","invalids":["rajvsvgerregrerhahjj.com"],"label":"email","key":"email"}}]}
[2024-08-22T11:45:12.717Z] [31merror[39m: [31m"email" must be a valid email[39m :{"_original":{"email":"rajvsvgerregrerhahjj.com","password":"test@123","loginSource":"email"},"details":[{"message":"\"email\" must be a valid email","path":["email"],"type":"string.email","context":{"value":"rajvsvgerregrerhahjj.com","invalids":["rajvsvgerregrerhahjj.com"],"label":"email","key":"email"}}]}
[2024-08-22T11:45:47.997Z] [31merror[39m: [31m"email" must be a valid email[39m :{"_original":{"email":"rajvsvgerregrerhahjj.com","password":"test@123","loginSource":"email"},"details":[{"message":"\"email\" must be a valid email","path":["email"],"type":"string.email","context":{"value":"rajvsvgerregrerhahjj.com","invalids":["rajvsvgerregrerhahjj.com"],"label":"email","key":"email"}}]}
[2024-08-22T11:46:24.747Z] [31merror[39m: [31m"email" must be a valid email[39m :{"_original":{"email":"rajvsvgerregrerhahjj.com","password":"test@123","loginSource":"email"},"details":[{"message":"\"email\" must be a valid email","path":["email"],"type":"string.email","context":{"value":"rajvsvgerregrerhahjj.com","invalids":["rajvsvgerregrerhahjj.com"],"label":"email","key":"email"}}]}
[2024-08-22T11:46:54.928Z] [31merror[39m: [31m"email" must be a valid email[39m :{"_original":{"email":"rajvsvgerregrerhahjj.com","password":"test@123","loginSource":"email"},"details":[{"message":"\"email\" must be a valid email","path":["email"],"type":"string.email","context":{"value":"rajvsvgerregrerhahjj.com","invalids":["rajvsvgerregrerhahjj.com"],"label":"email","key":"email"}}]}
[2024-08-22T11:47:40.139Z] [31merror[39m: [31m"limit" must be a number[39m :{"_original":{"page":"1","limit":"x"},"details":[{"message":"\"limit\" must be a number","path":["limit"],"type":"number.base","context":{"label":"limit","value":"x","key":"limit"}}]}
[2024-08-22T11:48:30.223Z] [31merror[39m: [31m"limit" must be greater than or equal to 1[39m :{"_original":{"page":"1","limit":"-1"},"details":[{"message":"\"limit\" must be greater than or equal to 1","path":["limit"],"type":"number.min","context":{"limit":1,"value":-1,"label":"limit","key":"limit"}}]}
[2024-08-22T11:48:38.195Z] [31merror[39m: [31m"limit" must be greater than or equal to 1[39m :{"_original":{"page":"1","limit":"-1"},"details":[{"message":"\"limit\" must be greater than or equal to 1","path":["limit"],"type":"number.min","context":{"limit":1,"value":-1,"label":"limit","key":"limit"}}]}
[2024-08-22T11:48:56.549Z] [31merror[39m: [31m"limit" must be greater than or equal to 1[39m :{"_original":{"page":"1","limit":"-1"},"details":[{"message":"\"limit\" must be greater than or equal to 1","path":["limit"],"type":"number.min","context":{"limit":1,"value":-1,"label":"limit","key":"limit"}}]}
[2024-08-22T11:53:08.046Z] [31merror[39m: [31m"limit" must be greater than or equal to 1[39m :{"_original":{"page":"1","limit":"-1"},"details":[{"message":"\"limit\" must be greater than or equal to 1","path":["limit"],"type":"number.min","context":{"limit":1,"value":-1,"label":"limit","key":"limit"}}]}
[2024-08-22T11:57:00.618Z] [31merror[39m: [31m"email" must be a valid email[39m :{"_original":{"email":"rajan02sadDDDD.com","password":"test@123","loginSource":"email"},"details":[{"message":"\"email\" must be a valid email","path":["email"],"type":"string.email","context":{"value":"rajan02sadDDDD.com","invalids":["rajan02sadDDDD.com"],"label":"email","key":"email"}}]}
[2024-08-22T11:57:05.370Z] [31merror[39m: [31m"email" must be a valid email[39m :{"_original":{"email":"rajan02sadDDDDcom","password":"test@123","loginSource":"email"},"details":[{"message":"\"email\" must be a valid email","path":["email"],"type":"string.email","context":{"value":"rajan02sadDDDDcom","invalids":["rajan02sadDDDDcom"],"label":"email","key":"email"}}]}
[2024-08-22T11:57:10.796Z] [31merror[39m: [31m"email" must be a valid email[39m :{"_original":{"email":"rajan02sadDDDDcom","password":"test@123","loginSource":"email"},"details":[{"message":"\"email\" must be a valid email","path":["email"],"type":"string.email","context":{"value":"rajan02sadDDDDcom","invalids":["rajan02sadDDDDcom"],"label":"email","key":"email"}}]}
[2024-08-22T11:57:22.111Z] [31merror[39m: [31m"email" must be a valid email[39m :{"_original":{"email":"DDDDDDDDDD","password":"test@123","loginSource":"email"},"details":[{"message":"\"email\" must be a valid email","path":["email"],"type":"string.email","context":{"value":"DDDDDDDDDD","invalids":["DDDDDDDDDD"],"label":"email","key":"email"}}]}
[2025-01-13T09:09:15.334Z] [31merror[39m: [31m"firstname" is required[39m :{"_original":{},"details":[{"message":"\"firstname\" is required","path":["firstname"],"type":"any.required","context":{"label":"firstname","key":"firstname"}}]}
[2025-01-13T09:09:37.142Z] [31merror[39m: [31m"firstname" is required[39m :{"_original":{"firstName":"WERG"},"details":[{"message":"\"firstname\" is required","path":["firstname"],"type":"any.required","context":{"label":"firstname","key":"firstname"}}]}
[2025-01-13T09:10:19.455Z] [31merror[39m: [31m"firstname" is required[39m :{"_original":{"firstName":"WERG","lastName":"WERG","email":"WERG@yopmail.com","password":"1234"},"details":[{"message":"\"firstname\" is required","path":["firstname"],"type":"any.required","context":{"label":"firstname","key":"firstname"}}]}
[2025-01-13T09:20:32.557Z] [31merror[39m: [31m"password" is required[39m :{"_original":{"firstname":"WERG","lastname":"WERG","email":"WERG@yopmail.com"},"details":[{"message":"\"password\" is required","path":["password"],"type":"any.required","context":{"label":"password","key":"password"}}]}
[2025-01-13T11:51:33.164Z] [31merror[39m: [31m"loginSource" is required[39m :{"_original":{"email":"WERG@yopmail.com","password":"1234"},"details":[{"message":"\"loginSource\" is required","path":["loginSource"],"type":"any.required","context":{"label":"loginSource","key":"loginSource"}}]}
[2025-01-13T11:52:00.957Z] [31merror[39m: [31mdata and hash arguments required[39m :{}
[2025-01-15T06:27:59.001Z] [31merror[39m: [31m"loginSource" is required[39m :{"_original":{"email":"admin@example.com","password":"admin_password"},"details":[{"message":"\"loginSource\" is required","path":["loginSource"],"type":"any.required","context":{"label":"loginSource","key":"loginSource"}}]}
[2025-01-20T04:52:01.312Z] [31merror[39m: [31mThis is error[39m :{}
